<?xml version="1.0" encoding="UTF-8"?>
<testng-results ignored="0" total="1" passed="1" failed="0" skipped="0">
  <reporter-output>
  </reporter-output>
  <suite started-at="2024-04-25T12:46:42 IST" name="Default suite" finished-at="2024-04-25T12:46:49 IST" duration-ms="6879">
    <groups>
    </groups>
    <test started-at="2024-04-25T12:46:42 IST" name="Default test" finished-at="2024-04-25T12:46:49 IST" duration-ms="6879">
      <class name="apiTesting.graphql.GraphqlScript">
        <test-method signature="addPlaceTest()[pri:0, instance:apiTesting.graphql.GraphqlScript@2e6a8155]" started-at="2024-04-25T12:46:42 IST" name="addPlaceTest" finished-at="2024-04-25T12:46:49 IST" duration-ms="6642" status="PASS">
          <reporter-output>
          </reporter-output>
        </test-method> <!-- addPlaceTest -->
      </class> <!-- apiTesting.graphql.GraphqlScript -->
    </test> <!-- Default test -->
  </suite> <!-- Default suite -->
</testng-results>
